<?xml version="1.0" encoding="UTF-8"?>
<testsuite xmlns:xsi="http://www.w3.org/2001/XMLSchema-instance" xsi:noNamespaceSchemaLocation="https://maven.apache.org/surefire/maven-surefire-plugin/xsd/surefire-test-report.xsd" name="ru.mirea.courseworkjavashop.service.AdminServiceTest" time="0.013" tests="8" errors="0" skipped="0" failures="0">
  <properties>
[...]
</properties>
  <testcase name="getAllBalanceTopUpRequests" classname="ru.mirea.courseworkjavashop.service.AdminServiceTest" time="0.002"/>
  <testcase name="getAllProducts" classname="ru.mirea.courseworkjavashop.service.AdminServiceTest" time="0.001"/>
  <testcase name="getAllOrders" classname="ru.mirea.courseworkjavashop.service.AdminServiceTest" time="0.002"/>
  <testcase name="getAllUsers" classname="ru.mirea.courseworkjavashop.service.AdminServiceTest" time="0.001"/>
  <testcase name="getUserEditDTO" classname="ru.mirea.courseworkjavashop.service.AdminServiceTest" time="0.001"/>
  <testcase name="editUser" classname="ru.mirea.courseworkjavashop.service.AdminServiceTest" time="0.001"/>
  <testcase name="deleteUser" classname="ru.mirea.courseworkjavashop.service.AdminServiceTest" time="0.001"/>
  <testcase name="getUserById" classname="ru.mirea.courseworkjavashop.service.AdminServiceTest" time="0.001"/>
</testsuite>